2023-04-01 15:02:54,206 INFO org.hibernate.validator.internal.util.Version [background-preinit] HV000001: Hibernate Validator 6.2.5.Final
2023-04-01 15:02:54,228 INFO org.springframework.boot.StartupInfoLogger [restartedMain] Starting ElectronicStoreApplication using Java 17.0.4 on DESKTOP-HE75IJA with PID 2408 (F:\ElectronicStore_Project\ElectronicStore\target\classes started by Genius Computer in F:\ElectronicStore_Project\ElectronicStore)
2023-04-01 15:02:54,235 DEBUG org.springframework.boot.StartupInfoLogger [restartedMain] Running with Spring Boot v2.7.9, Spring v5.3.25
2023-04-01 15:02:54,237 INFO org.springframework.boot.SpringApplication [restartedMain] The following 1 profile is active: "dev"
2023-04-01 15:02:54,396 INFO org.springframework.boot.logging.DeferredLog [restartedMain] Devtools property defaults active! Set 'spring.devtools.add-properties' to 'false' to disable
2023-04-01 15:02:54,397 INFO org.springframework.boot.logging.DeferredLog [restartedMain] For additional web related logging consider setting the 'logging.level.web' property to 'DEBUG'
2023-04-01 15:02:57,521 INFO org.springframework.data.repository.config.RepositoryConfigurationDelegate [restartedMain] Bootstrapping Spring Data JPA repositories in DEFAULT mode.
2023-04-01 15:02:57,799 INFO org.springframework.data.repository.config.RepositoryConfigurationDelegate [restartedMain] Finished Spring Data repository scanning in 229 ms. Found 3 JPA repository interfaces.
2023-04-01 15:03:00,868 INFO org.springframework.boot.web.embedded.tomcat.TomcatWebServer [restartedMain] Tomcat initialized with port(s): 9696 (http)
2023-04-01 15:03:00,901 INFO org.apache.juli.logging.DirectJDKLog [restartedMain] Initializing ProtocolHandler ["http-nio-9696"]
2023-04-01 15:03:00,902 INFO org.apache.juli.logging.DirectJDKLog [restartedMain] Starting service [Tomcat]
2023-04-01 15:03:00,903 INFO org.apache.juli.logging.DirectJDKLog [restartedMain] Starting Servlet engine: [Apache Tomcat/9.0.71]
2023-04-01 15:03:01,462 INFO org.apache.juli.logging.DirectJDKLog [restartedMain] Initializing Spring embedded WebApplicationContext
2023-04-01 15:03:01,465 INFO org.springframework.boot.web.servlet.context.ServletWebServerApplicationContext [restartedMain] Root WebApplicationContext: initialization completed in 7063 ms
2023-04-01 15:03:02,327 INFO org.hibernate.jpa.internal.util.LogHelper [restartedMain] HHH000204: Processing PersistenceUnitInfo [name: default]
2023-04-01 15:03:02,587 INFO org.hibernate.Version [restartedMain] HHH000412: Hibernate ORM core version 5.6.15.Final
2023-04-01 15:03:03,219 INFO org.hibernate.annotations.common.reflection.java.JavaReflectionManager [restartedMain] HCANN000001: Hibernate Commons Annotations {5.1.2.Final}
2023-04-01 15:03:03,963 INFO com.zaxxer.hikari.HikariDataSource [restartedMain] HikariPool-1 - Starting...
2023-04-01 15:03:05,419 INFO com.zaxxer.hikari.HikariDataSource [restartedMain] HikariPool-1 - Start completed.
2023-04-01 15:03:05,477 INFO org.hibernate.dialect.Dialect [restartedMain] HHH000400: Using dialect: org.hibernate.dialect.MySQL8Dialect
2023-04-01 15:03:08,787 INFO org.hibernate.engine.transaction.jta.platform.internal.JtaPlatformInitiator [restartedMain] HHH000490: Using JtaPlatform implementation: [org.hibernate.engine.transaction.jta.platform.internal.NoJtaPlatform]
2023-04-01 15:03:08,808 INFO org.springframework.orm.jpa.AbstractEntityManagerFactoryBean [restartedMain] Initialized JPA EntityManagerFactory for persistence unit 'default'
2023-04-01 15:03:11,183 WARN org.springframework.boot.autoconfigure.orm.jpa.JpaBaseConfiguration$JpaWebConfiguration [restartedMain] spring.jpa.open-in-view is enabled by default. Therefore, database queries may be performed during view rendering. Explicitly configure spring.jpa.open-in-view to disable this warning
2023-04-01 15:03:12,477 INFO org.springframework.boot.devtools.autoconfigure.OptionalLiveReloadServer [restartedMain] LiveReload server is running on port 35729
2023-04-01 15:03:12,523 INFO org.apache.juli.logging.DirectJDKLog [restartedMain] Starting ProtocolHandler ["http-nio-9696"]
2023-04-01 15:03:12,578 INFO org.springframework.boot.web.embedded.tomcat.TomcatWebServer [restartedMain] Tomcat started on port(s): 9696 (http) with context path ''
2023-04-01 15:03:12,608 INFO org.springframework.boot.StartupInfoLogger [restartedMain] Started ElectronicStoreApplication in 20.043 seconds (JVM running for 22.518)
2023-04-01 15:03:51,846 INFO org.apache.juli.logging.DirectJDKLog [http-nio-9696-exec-1] Initializing Spring DispatcherServlet 'dispatcherServlet'
2023-04-01 15:03:51,847 INFO org.springframework.web.servlet.FrameworkServlet [http-nio-9696-exec-1] Initializing Servlet 'dispatcherServlet'
2023-04-01 15:03:51,849 INFO org.springframework.web.servlet.FrameworkServlet [http-nio-9696-exec-1] Completed initialization in 2 ms
2023-04-01 15:03:51,962 INFO com.shruteekatech.electronicStore.controller.UserController [http-nio-9696-exec-1] Initiated request to get all the user details
2023-04-01 15:03:51,963 INFO com.shruteekatech.electronicStore.service.serviceimpl.UserServiceimpl [http-nio-9696-exec-1] Initiating dao call to get the All users data 
2023-04-01 15:03:52,469 INFO com.shruteekatech.electronicStore.service.serviceimpl.UserServiceimpl [http-nio-9696-exec-1] Completed dao call to get the All users data 
2023-04-01 15:03:52,470 INFO com.shruteekatech.electronicStore.controller.UserController [http-nio-9696-exec-1] Completed request to get all the user details
2023-04-01 17:23:31,962 INFO org.springframework.orm.jpa.AbstractEntityManagerFactoryBean [SpringApplicationShutdownHook] Closing JPA EntityManagerFactory for persistence unit 'default'
2023-04-01 17:23:32,132 INFO com.zaxxer.hikari.HikariDataSource [SpringApplicationShutdownHook] HikariPool-1 - Shutdown initiated...
2023-04-01 17:23:32,152 INFO com.zaxxer.hikari.HikariDataSource [SpringApplicationShutdownHook] HikariPool-1 - Shutdown completed.
2023-04-01 17:24:09,478 INFO org.hibernate.validator.internal.util.Version [background-preinit] HV000001: Hibernate Validator 6.2.5.Final
2023-04-01 17:24:09,493 INFO org.springframework.boot.StartupInfoLogger [restartedMain] Starting ElectronicStoreApplication using Java 17.0.4 on DESKTOP-HE75IJA with PID 15988 (F:\ElectronicStore_Project\ElectronicStore\target\classes started by Genius Computer in F:\ElectronicStore_Project\ElectronicStore)
2023-04-01 17:24:09,494 DEBUG org.springframework.boot.StartupInfoLogger [restartedMain] Running with Spring Boot v2.7.9, Spring v5.3.25
2023-04-01 17:24:09,496 INFO org.springframework.boot.SpringApplication [restartedMain] The following 1 profile is active: "dev"
2023-04-01 17:24:09,690 INFO org.springframework.boot.logging.DeferredLog [restartedMain] Devtools property defaults active! Set 'spring.devtools.add-properties' to 'false' to disable
2023-04-01 17:24:09,691 INFO org.springframework.boot.logging.DeferredLog [restartedMain] For additional web related logging consider setting the 'logging.level.web' property to 'DEBUG'
2023-04-01 17:24:11,428 INFO org.springframework.data.repository.config.RepositoryConfigurationDelegate [restartedMain] Bootstrapping Spring Data JPA repositories in DEFAULT mode.
2023-04-01 17:24:11,588 INFO org.springframework.data.repository.config.RepositoryConfigurationDelegate [restartedMain] Finished Spring Data repository scanning in 138 ms. Found 3 JPA repository interfaces.
2023-04-01 17:24:13,520 INFO org.springframework.boot.web.embedded.tomcat.TomcatWebServer [restartedMain] Tomcat initialized with port(s): 9696 (http)
2023-04-01 17:24:13,556 INFO org.apache.juli.logging.DirectJDKLog [restartedMain] Initializing ProtocolHandler ["http-nio-9696"]
2023-04-01 17:24:13,557 INFO org.apache.juli.logging.DirectJDKLog [restartedMain] Starting service [Tomcat]
2023-04-01 17:24:13,558 INFO org.apache.juli.logging.DirectJDKLog [restartedMain] Starting Servlet engine: [Apache Tomcat/9.0.71]
2023-04-01 17:24:13,977 INFO org.apache.juli.logging.DirectJDKLog [restartedMain] Initializing Spring embedded WebApplicationContext
2023-04-01 17:24:13,987 INFO org.springframework.boot.web.servlet.context.ServletWebServerApplicationContext [restartedMain] Root WebApplicationContext: initialization completed in 4292 ms
2023-04-01 17:24:14,466 INFO org.hibernate.jpa.internal.util.LogHelper [restartedMain] HHH000204: Processing PersistenceUnitInfo [name: default]
2023-04-01 17:24:14,602 INFO org.hibernate.Version [restartedMain] HHH000412: Hibernate ORM core version 5.6.15.Final
2023-04-01 17:24:15,166 INFO org.hibernate.annotations.common.reflection.java.JavaReflectionManager [restartedMain] HCANN000001: Hibernate Commons Annotations {5.1.2.Final}
2023-04-01 17:24:15,486 INFO com.zaxxer.hikari.HikariDataSource [restartedMain] HikariPool-1 - Starting...
2023-04-01 17:24:16,335 INFO com.zaxxer.hikari.HikariDataSource [restartedMain] HikariPool-1 - Start completed.
2023-04-01 17:24:16,385 INFO org.hibernate.dialect.Dialect [restartedMain] HHH000400: Using dialect: org.hibernate.dialect.MySQL8Dialect
2023-04-01 17:24:18,452 INFO org.hibernate.engine.transaction.jta.platform.internal.JtaPlatformInitiator [restartedMain] HHH000490: Using JtaPlatform implementation: [org.hibernate.engine.transaction.jta.platform.internal.NoJtaPlatform]
2023-04-01 17:24:18,475 INFO org.springframework.orm.jpa.AbstractEntityManagerFactoryBean [restartedMain] Initialized JPA EntityManagerFactory for persistence unit 'default'
2023-04-01 17:24:19,496 WARN org.springframework.boot.autoconfigure.orm.jpa.JpaBaseConfiguration$JpaWebConfiguration [restartedMain] spring.jpa.open-in-view is enabled by default. Therefore, database queries may be performed during view rendering. Explicitly configure spring.jpa.open-in-view to disable this warning
2023-04-01 17:24:20,190 INFO org.springframework.boot.devtools.autoconfigure.OptionalLiveReloadServer [restartedMain] LiveReload server is running on port 35729
2023-04-01 17:24:20,210 INFO org.apache.juli.logging.DirectJDKLog [restartedMain] Starting ProtocolHandler ["http-nio-9696"]
2023-04-01 17:24:20,260 INFO org.springframework.boot.web.embedded.tomcat.TomcatWebServer [restartedMain] Tomcat started on port(s): 9696 (http) with context path ''
2023-04-01 17:24:20,308 INFO org.springframework.boot.StartupInfoLogger [restartedMain] Started ElectronicStoreApplication in 11.684 seconds (JVM running for 14.283)
2023-04-01 17:25:10,398 INFO org.apache.juli.logging.DirectJDKLog [http-nio-9696-exec-2] Initializing Spring DispatcherServlet 'dispatcherServlet'
2023-04-01 17:25:10,399 INFO org.springframework.web.servlet.FrameworkServlet [http-nio-9696-exec-2] Initializing Servlet 'dispatcherServlet'
2023-04-01 17:25:10,402 INFO org.springframework.web.servlet.FrameworkServlet [http-nio-9696-exec-2] Completed initialization in 3 ms
2023-04-01 17:25:55,362 ERROR org.apache.juli.logging.DirectJDKLog [http-nio-9696-exec-3] Servlet.service() for servlet [dispatcherServlet] in context with path [] threw exception [Request processing failed; nested exception is net.sf.jasperreports.engine.fill.JRExpressionEvalException: Error evaluating expression for source text: $F{id}] with root cause
java.lang.ClassCastException: class java.lang.Long cannot be cast to class java.lang.Integer (java.lang.Long and java.lang.Integer are in module java.base of loader 'bootstrap')
	at Userdetails_1680350152167_711721.evaluate(Userdetails_1680350152167_711721:181)
	at net.sf.jasperreports.engine.fill.JREvaluator.evaluate(JREvaluator.java:302)
	at net.sf.jasperreports.engine.fill.JRCalculator.evaluate(JRCalculator.java:672)
	at net.sf.jasperreports.engine.fill.JRCalculator.evaluate(JRCalculator.java:640)
	at net.sf.jasperreports.engine.fill.JRFillElement.evaluateExpression(JRFillElement.java:1169)
	at net.sf.jasperreports.engine.fill.JRFillTextField.evaluateText(JRFillTextField.java:527)
	at net.sf.jasperreports.engine.fill.JRFillTextField.evaluate(JRFillTextField.java:512)
	at net.sf.jasperreports.engine.fill.JRFillElementContainer.evaluate(JRFillElementContainer.java:383)
	at net.sf.jasperreports.engine.fill.JRFillBand.evaluate(JRFillBand.java:548)
	at net.sf.jasperreports.engine.fill.JRVerticalFiller.fillColumnBand(JRVerticalFiller.java:2583)
	at net.sf.jasperreports.engine.fill.JRVerticalFiller.fillDetail(JRVerticalFiller.java:813)
	at net.sf.jasperreports.engine.fill.JRVerticalFiller.fillReportStart(JRVerticalFiller.java:264)
	at net.sf.jasperreports.engine.fill.JRVerticalFiller.fillReport(JRVerticalFiller.java:110)
	at net.sf.jasperreports.engine.fill.JRBaseFiller.fill(JRBaseFiller.java:615)
	at net.sf.jasperreports.engine.fill.BaseReportFiller.fill(BaseReportFiller.java:433)
	at net.sf.jasperreports.engine.fill.JRFiller.fill(JRFiller.java:162)
	at net.sf.jasperreports.engine.fill.JRFiller.fill(JRFiller.java:145)
	at net.sf.jasperreports.engine.JasperFillManager.fill(JasperFillManager.java:758)
	at net.sf.jasperreports.engine.JasperFillManager.fillReport(JasperFillManager.java:1074)
	at com.shruteekatech.electronicStore.service.serviceimpl.UserServiceimpl.exportrept(UserServiceimpl.java:228)
	at com.shruteekatech.electronicStore.controller.UserController.generateReport(UserController.java:198)
	at java.base/jdk.internal.reflect.NativeMethodAccessorImpl.invoke0(Native Method)
	at java.base/jdk.internal.reflect.NativeMethodAccessorImpl.invoke(NativeMethodAccessorImpl.java:77)
	at java.base/jdk.internal.reflect.DelegatingMethodAccessorImpl.invoke(DelegatingMethodAccessorImpl.java:43)
	at java.base/java.lang.reflect.Method.invoke(Method.java:568)
	at org.springframework.web.method.support.InvocableHandlerMethod.doInvoke(InvocableHandlerMethod.java:205)
	at org.springframework.web.method.support.InvocableHandlerMethod.invokeForRequest(InvocableHandlerMethod.java:150)
	at org.springframework.web.servlet.mvc.method.annotation.ServletInvocableHandlerMethod.invokeAndHandle(ServletInvocableHandlerMethod.java:117)
	at org.springframework.web.servlet.mvc.method.annotation.RequestMappingHandlerAdapter.invokeHandlerMethod(RequestMappingHandlerAdapter.java:895)
	at org.springframework.web.servlet.mvc.method.annotation.RequestMappingHandlerAdapter.handleInternal(RequestMappingHandlerAdapter.java:808)
	at org.springframework.web.servlet.mvc.method.AbstractHandlerMethodAdapter.handle(AbstractHandlerMethodAdapter.java:87)
	at org.springframework.web.servlet.DispatcherServlet.doDispatch(DispatcherServlet.java:1071)
	at org.springframework.web.servlet.DispatcherServlet.doService(DispatcherServlet.java:964)
	at org.springframework.web.servlet.FrameworkServlet.processRequest(FrameworkServlet.java:1006)
	at org.springframework.web.servlet.FrameworkServlet.doGet(FrameworkServlet.java:898)
	at javax.servlet.http.HttpServlet.service(HttpServlet.java:670)
	at org.springframework.web.servlet.FrameworkServlet.service(FrameworkServlet.java:883)
	at javax.servlet.http.HttpServlet.service(HttpServlet.java:779)
	at org.apache.catalina.core.ApplicationFilterChain.internalDoFilter(ApplicationFilterChain.java:227)
	at org.apache.catalina.core.ApplicationFilterChain.doFilter(ApplicationFilterChain.java:162)
	at org.apache.tomcat.websocket.server.WsFilter.doFilter(WsFilter.java:53)
	at org.apache.catalina.core.ApplicationFilterChain.internalDoFilter(ApplicationFilterChain.java:189)
	at org.apache.catalina.core.ApplicationFilterChain.doFilter(ApplicationFilterChain.java:162)
	at org.springframework.web.filter.RequestContextFilter.doFilterInternal(RequestContextFilter.java:100)
	at org.springframework.web.filter.OncePerRequestFilter.doFilter(OncePerRequestFilter.java:117)
	at org.apache.catalina.core.ApplicationFilterChain.internalDoFilter(ApplicationFilterChain.java:189)
	at org.apache.catalina.core.ApplicationFilterChain.doFilter(ApplicationFilterChain.java:162)
	at org.springframework.web.filter.FormContentFilter.doFilterInternal(FormContentFilter.java:93)
	at org.springframework.web.filter.OncePerRequestFilter.doFilter(OncePerRequestFilter.java:117)
	at org.apache.catalina.core.ApplicationFilterChain.internalDoFilter(ApplicationFilterChain.java:189)
	at org.apache.catalina.core.ApplicationFilterChain.doFilter(ApplicationFilterChain.java:162)
	at org.springframework.web.filter.CharacterEncodingFilter.doFilterInternal(CharacterEncodingFilter.java:201)
	at org.springframework.web.filter.OncePerRequestFilter.doFilter(OncePerRequestFilter.java:117)
	at org.apache.catalina.core.ApplicationFilterChain.internalDoFilter(ApplicationFilterChain.java:189)
	at org.apache.catalina.core.ApplicationFilterChain.doFilter(ApplicationFilterChain.java:162)
	at org.apache.catalina.core.StandardWrapperValve.invoke(StandardWrapperValve.java:177)
	at org.apache.catalina.core.StandardContextValve.invoke(StandardContextValve.java:97)
	at org.apache.catalina.authenticator.AuthenticatorBase.invoke(AuthenticatorBase.java:541)
	at org.apache.catalina.core.StandardHostValve.invoke(StandardHostValve.java:135)
	at org.apache.catalina.valves.ErrorReportValve.invoke(ErrorReportValve.java:92)
	at org.apache.catalina.core.StandardEngineValve.invoke(StandardEngineValve.java:78)
	at org.apache.catalina.connector.CoyoteAdapter.service(CoyoteAdapter.java:360)
	at org.apache.coyote.http11.Http11Processor.service(Http11Processor.java:399)
	at org.apache.coyote.AbstractProcessorLight.process(AbstractProcessorLight.java:65)
	at org.apache.coyote.AbstractProtocol$ConnectionHandler.process(AbstractProtocol.java:891)
	at org.apache.tomcat.util.net.NioEndpoint$SocketProcessor.doRun(NioEndpoint.java:1784)
	at org.apache.tomcat.util.net.SocketProcessorBase.run(SocketProcessorBase.java:49)
	at org.apache.tomcat.util.threads.ThreadPoolExecutor.runWorker(ThreadPoolExecutor.java:1191)
	at org.apache.tomcat.util.threads.ThreadPoolExecutor$Worker.run(ThreadPoolExecutor.java:659)
	at org.apache.tomcat.util.threads.TaskThread$WrappingRunnable.run(TaskThread.java:61)
	at java.base/java.lang.Thread.run(Thread.java:833)
2023-04-01 17:27:47,062 INFO org.springframework.orm.jpa.AbstractEntityManagerFactoryBean [SpringApplicationShutdownHook] Closing JPA EntityManagerFactory for persistence unit 'default'
2023-04-01 17:27:47,177 INFO com.zaxxer.hikari.HikariDataSource [SpringApplicationShutdownHook] HikariPool-1 - Shutdown initiated...
2023-04-01 17:27:47,212 INFO com.zaxxer.hikari.HikariDataSource [SpringApplicationShutdownHook] HikariPool-1 - Shutdown completed.
2023-04-01 17:27:57,378 INFO org.hibernate.validator.internal.util.Version [background-preinit] HV000001: Hibernate Validator 6.2.5.Final
2023-04-01 17:27:57,390 INFO org.springframework.boot.StartupInfoLogger [restartedMain] Starting ElectronicStoreApplication using Java 17.0.4 on DESKTOP-HE75IJA with PID 6760 (F:\ElectronicStore_Project\ElectronicStore\target\classes started by Genius Computer in F:\ElectronicStore_Project\ElectronicStore)
2023-04-01 17:27:57,393 DEBUG org.springframework.boot.StartupInfoLogger [restartedMain] Running with Spring Boot v2.7.9, Spring v5.3.25
2023-04-01 17:27:57,395 INFO org.springframework.boot.SpringApplication [restartedMain] The following 1 profile is active: "dev"
2023-04-01 17:27:57,708 INFO org.springframework.boot.logging.DeferredLog [restartedMain] Devtools property defaults active! Set 'spring.devtools.add-properties' to 'false' to disable
2023-04-01 17:27:57,709 INFO org.springframework.boot.logging.DeferredLog [restartedMain] For additional web related logging consider setting the 'logging.level.web' property to 'DEBUG'
2023-04-01 17:28:00,382 INFO org.springframework.data.repository.config.RepositoryConfigurationDelegate [restartedMain] Bootstrapping Spring Data JPA repositories in DEFAULT mode.
2023-04-01 17:28:00,537 INFO org.springframework.data.repository.config.RepositoryConfigurationDelegate [restartedMain] Finished Spring Data repository scanning in 134 ms. Found 3 JPA repository interfaces.
2023-04-01 17:28:02,389 INFO org.springframework.boot.web.embedded.tomcat.TomcatWebServer [restartedMain] Tomcat initialized with port(s): 9696 (http)
2023-04-01 17:28:02,420 INFO org.apache.juli.logging.DirectJDKLog [restartedMain] Initializing ProtocolHandler ["http-nio-9696"]
2023-04-01 17:28:02,421 INFO org.apache.juli.logging.DirectJDKLog [restartedMain] Starting service [Tomcat]
2023-04-01 17:28:02,422 INFO org.apache.juli.logging.DirectJDKLog [restartedMain] Starting Servlet engine: [Apache Tomcat/9.0.71]
2023-04-01 17:28:02,730 INFO org.apache.juli.logging.DirectJDKLog [restartedMain] Initializing Spring embedded WebApplicationContext
2023-04-01 17:28:02,731 INFO org.springframework.boot.web.servlet.context.ServletWebServerApplicationContext [restartedMain] Root WebApplicationContext: initialization completed in 4971 ms
2023-04-01 17:28:03,176 INFO org.hibernate.jpa.internal.util.LogHelper [restartedMain] HHH000204: Processing PersistenceUnitInfo [name: default]
2023-04-01 17:28:03,344 INFO org.hibernate.Version [restartedMain] HHH000412: Hibernate ORM core version 5.6.15.Final
2023-04-01 17:28:03,855 INFO org.hibernate.annotations.common.reflection.java.JavaReflectionManager [restartedMain] HCANN000001: Hibernate Commons Annotations {5.1.2.Final}
2023-04-01 17:28:04,259 INFO com.zaxxer.hikari.HikariDataSource [restartedMain] HikariPool-1 - Starting...
2023-04-01 17:28:05,288 INFO com.zaxxer.hikari.HikariDataSource [restartedMain] HikariPool-1 - Start completed.
2023-04-01 17:28:05,355 INFO org.hibernate.dialect.Dialect [restartedMain] HHH000400: Using dialect: org.hibernate.dialect.MySQL8Dialect
2023-04-01 17:28:07,582 INFO org.hibernate.engine.transaction.jta.platform.internal.JtaPlatformInitiator [restartedMain] HHH000490: Using JtaPlatform implementation: [org.hibernate.engine.transaction.jta.platform.internal.NoJtaPlatform]
2023-04-01 17:28:07,613 INFO org.springframework.orm.jpa.AbstractEntityManagerFactoryBean [restartedMain] Initialized JPA EntityManagerFactory for persistence unit 'default'
2023-04-01 17:28:09,162 WARN org.springframework.boot.autoconfigure.orm.jpa.JpaBaseConfiguration$JpaWebConfiguration [restartedMain] spring.jpa.open-in-view is enabled by default. Therefore, database queries may be performed during view rendering. Explicitly configure spring.jpa.open-in-view to disable this warning
2023-04-01 17:28:10,221 INFO org.springframework.boot.devtools.autoconfigure.OptionalLiveReloadServer [restartedMain] LiveReload server is running on port 35729
2023-04-01 17:28:10,258 INFO org.apache.juli.logging.DirectJDKLog [restartedMain] Starting ProtocolHandler ["http-nio-9696"]
2023-04-01 17:28:10,309 INFO org.springframework.boot.web.embedded.tomcat.TomcatWebServer [restartedMain] Tomcat started on port(s): 9696 (http) with context path ''
2023-04-01 17:28:10,339 INFO org.springframework.boot.StartupInfoLogger [restartedMain] Started ElectronicStoreApplication in 13.883 seconds (JVM running for 15.809)
2023-04-01 17:28:15,022 INFO org.apache.juli.logging.DirectJDKLog [http-nio-9696-exec-2] Initializing Spring DispatcherServlet 'dispatcherServlet'
2023-04-01 17:28:15,023 INFO org.springframework.web.servlet.FrameworkServlet [http-nio-9696-exec-2] Initializing Servlet 'dispatcherServlet'
2023-04-01 17:28:15,025 INFO org.springframework.web.servlet.FrameworkServlet [http-nio-9696-exec-2] Completed initialization in 1 ms
2023-04-01 17:33:56,779 INFO com.shruteekatech.electronicStore.validation.ImageNameValidator [http-nio-9696-exec-5] Message from isValid : abc.png 
2023-04-01 17:33:56,823 INFO com.shruteekatech.electronicStore.controller.UserController [http-nio-9696-exec-5] Initiated request to save the user details 
2023-04-01 17:33:56,824 INFO com.shruteekatech.electronicStore.service.serviceimpl.UserServiceimpl [http-nio-9696-exec-5] Initiating dao call to Save the user data
2023-04-01 17:33:56,970 INFO com.shruteekatech.electronicStore.service.serviceimpl.UserServiceimpl [http-nio-9696-exec-5] Completed dao call to Save the user data
2023-04-01 17:33:56,971 INFO com.shruteekatech.electronicStore.controller.UserController [http-nio-9696-exec-5] Completed request to save the user details
2023-04-01 18:12:48,154 WARN com.zaxxer.hikari.pool.HikariPool$HouseKeeper [HikariPool-1 housekeeper] HikariPool-1 - Thread starvation or clock leap detected (housekeeper delta=12m42s220ms885µs).
2023-04-01 18:24:48,309 INFO org.springframework.orm.jpa.AbstractEntityManagerFactoryBean [SpringApplicationShutdownHook] Closing JPA EntityManagerFactory for persistence unit 'default'
2023-04-01 18:24:48,315 INFO com.zaxxer.hikari.HikariDataSource [SpringApplicationShutdownHook] HikariPool-1 - Shutdown initiated...
2023-04-01 18:24:48,339 INFO com.zaxxer.hikari.HikariDataSource [SpringApplicationShutdownHook] HikariPool-1 - Shutdown completed.
2023-04-01 18:24:56,002 INFO org.hibernate.validator.internal.util.Version [background-preinit] HV000001: Hibernate Validator 6.2.5.Final
2023-04-01 18:24:56,004 INFO org.springframework.boot.StartupInfoLogger [restartedMain] Starting ElectronicStoreApplication using Java 17.0.4 on DESKTOP-HE75IJA with PID 3200 (F:\ElectronicStore_Project\ElectronicStore\target\classes started by Genius Computer in F:\ElectronicStore_Project\ElectronicStore)
2023-04-01 18:24:56,008 DEBUG org.springframework.boot.StartupInfoLogger [restartedMain] Running with Spring Boot v2.7.9, Spring v5.3.25
2023-04-01 18:24:56,010 INFO org.springframework.boot.SpringApplication [restartedMain] The following 1 profile is active: "dev"
2023-04-01 18:24:56,213 INFO org.springframework.boot.logging.DeferredLog [restartedMain] Devtools property defaults active! Set 'spring.devtools.add-properties' to 'false' to disable
2023-04-01 18:24:56,215 INFO org.springframework.boot.logging.DeferredLog [restartedMain] For additional web related logging consider setting the 'logging.level.web' property to 'DEBUG'
2023-04-01 18:24:58,373 INFO org.springframework.data.repository.config.RepositoryConfigurationDelegate [restartedMain] Bootstrapping Spring Data JPA repositories in DEFAULT mode.
2023-04-01 18:24:58,531 INFO org.springframework.data.repository.config.RepositoryConfigurationDelegate [restartedMain] Finished Spring Data repository scanning in 137 ms. Found 3 JPA repository interfaces.
2023-04-01 18:25:00,275 INFO org.springframework.boot.web.embedded.tomcat.TomcatWebServer [restartedMain] Tomcat initialized with port(s): 9696 (http)
2023-04-01 18:25:00,300 INFO org.apache.juli.logging.DirectJDKLog [restartedMain] Initializing ProtocolHandler ["http-nio-9696"]
2023-04-01 18:25:00,302 INFO org.apache.juli.logging.DirectJDKLog [restartedMain] Starting service [Tomcat]
2023-04-01 18:25:00,302 INFO org.apache.juli.logging.DirectJDKLog [restartedMain] Starting Servlet engine: [Apache Tomcat/9.0.71]
2023-04-01 18:25:00,592 INFO org.apache.juli.logging.DirectJDKLog [restartedMain] Initializing Spring embedded WebApplicationContext
2023-04-01 18:25:00,593 INFO org.springframework.boot.web.servlet.context.ServletWebServerApplicationContext [restartedMain] Root WebApplicationContext: initialization completed in 4375 ms
2023-04-01 18:25:00,951 INFO org.hibernate.jpa.internal.util.LogHelper [restartedMain] HHH000204: Processing PersistenceUnitInfo [name: default]
2023-04-01 18:25:01,080 INFO org.hibernate.Version [restartedMain] HHH000412: Hibernate ORM core version 5.6.15.Final
2023-04-01 18:25:01,464 INFO org.hibernate.annotations.common.reflection.java.JavaReflectionManager [restartedMain] HCANN000001: Hibernate Commons Annotations {5.1.2.Final}
2023-04-01 18:25:01,678 INFO com.zaxxer.hikari.HikariDataSource [restartedMain] HikariPool-1 - Starting...
2023-04-01 18:25:02,351 INFO com.zaxxer.hikari.HikariDataSource [restartedMain] HikariPool-1 - Start completed.
2023-04-01 18:25:02,384 INFO org.hibernate.dialect.Dialect [restartedMain] HHH000400: Using dialect: org.hibernate.dialect.MySQL8Dialect
2023-04-01 18:25:04,160 INFO org.hibernate.engine.transaction.jta.platform.internal.JtaPlatformInitiator [restartedMain] HHH000490: Using JtaPlatform implementation: [org.hibernate.engine.transaction.jta.platform.internal.NoJtaPlatform]
2023-04-01 18:25:04,173 INFO org.springframework.orm.jpa.AbstractEntityManagerFactoryBean [restartedMain] Initialized JPA EntityManagerFactory for persistence unit 'default'
2023-04-01 18:25:05,091 WARN org.springframework.boot.autoconfigure.orm.jpa.JpaBaseConfiguration$JpaWebConfiguration [restartedMain] spring.jpa.open-in-view is enabled by default. Therefore, database queries may be performed during view rendering. Explicitly configure spring.jpa.open-in-view to disable this warning
2023-04-01 18:25:05,679 INFO org.springframework.boot.devtools.autoconfigure.OptionalLiveReloadServer [restartedMain] LiveReload server is running on port 35729
2023-04-01 18:25:05,697 INFO org.apache.juli.logging.DirectJDKLog [restartedMain] Starting ProtocolHandler ["http-nio-9696"]
2023-04-01 18:25:05,733 INFO org.springframework.boot.web.embedded.tomcat.TomcatWebServer [restartedMain] Tomcat started on port(s): 9696 (http) with context path ''
2023-04-01 18:25:05,751 INFO org.springframework.boot.StartupInfoLogger [restartedMain] Started ElectronicStoreApplication in 10.572 seconds (JVM running for 12.346)
2023-04-01 18:25:43,396 INFO org.apache.juli.logging.DirectJDKLog [http-nio-9696-exec-2] Initializing Spring DispatcherServlet 'dispatcherServlet'
2023-04-01 18:25:43,396 INFO org.springframework.web.servlet.FrameworkServlet [http-nio-9696-exec-2] Initializing Servlet 'dispatcherServlet'
2023-04-01 18:25:43,399 INFO org.springframework.web.servlet.FrameworkServlet [http-nio-9696-exec-2] Completed initialization in 2 ms
2023-04-01 18:25:43,782 INFO com.shruteekatech.electronicStore.validation.ImageNameValidator [http-nio-9696-exec-2] Message from isValid : abc.png 
2023-04-01 18:25:43,821 INFO com.shruteekatech.electronicStore.controller.UserController [http-nio-9696-exec-2] Initiated request to save the user details 
2023-04-01 18:25:43,822 INFO com.shruteekatech.electronicStore.service.serviceimpl.UserServiceimpl [http-nio-9696-exec-2] Initiating dao call to Save the user data
2023-04-01 18:25:44,007 INFO com.shruteekatech.electronicStore.service.serviceimpl.UserServiceimpl [http-nio-9696-exec-2] Completed dao call to Save the user data
2023-04-01 18:25:44,007 INFO com.shruteekatech.electronicStore.controller.UserController [http-nio-9696-exec-2] Completed request to save the user details
2023-04-01 18:31:12,486 INFO org.springframework.orm.jpa.AbstractEntityManagerFactoryBean [SpringApplicationShutdownHook] Closing JPA EntityManagerFactory for persistence unit 'default'
2023-04-01 18:31:12,493 INFO com.zaxxer.hikari.HikariDataSource [SpringApplicationShutdownHook] HikariPool-1 - Shutdown initiated...
2023-04-01 18:31:12,511 INFO com.zaxxer.hikari.HikariDataSource [SpringApplicationShutdownHook] HikariPool-1 - Shutdown completed.
2023-04-01 18:31:18,938 INFO org.hibernate.validator.internal.util.Version [background-preinit] HV000001: Hibernate Validator 6.2.5.Final
2023-04-01 18:31:18,951 INFO org.springframework.boot.StartupInfoLogger [restartedMain] Starting ElectronicStoreApplication using Java 17.0.4 on DESKTOP-HE75IJA with PID 8912 (F:\ElectronicStore_Project\ElectronicStore\target\classes started by Genius Computer in F:\ElectronicStore_Project\ElectronicStore)
2023-04-01 18:31:18,953 DEBUG org.springframework.boot.StartupInfoLogger [restartedMain] Running with Spring Boot v2.7.9, Spring v5.3.25
2023-04-01 18:31:18,954 INFO org.springframework.boot.SpringApplication [restartedMain] The following 1 profile is active: "dev"
2023-04-01 18:31:19,119 INFO org.springframework.boot.logging.DeferredLog [restartedMain] Devtools property defaults active! Set 'spring.devtools.add-properties' to 'false' to disable
2023-04-01 18:31:19,121 INFO org.springframework.boot.logging.DeferredLog [restartedMain] For additional web related logging consider setting the 'logging.level.web' property to 'DEBUG'
2023-04-01 18:31:20,766 INFO org.springframework.data.repository.config.RepositoryConfigurationDelegate [restartedMain] Bootstrapping Spring Data JPA repositories in DEFAULT mode.
2023-04-01 18:31:20,924 INFO org.springframework.data.repository.config.RepositoryConfigurationDelegate [restartedMain] Finished Spring Data repository scanning in 136 ms. Found 3 JPA repository interfaces.
2023-04-01 18:31:22,517 INFO org.springframework.boot.web.embedded.tomcat.TomcatWebServer [restartedMain] Tomcat initialized with port(s): 9696 (http)
2023-04-01 18:31:22,541 INFO org.apache.juli.logging.DirectJDKLog [restartedMain] Initializing ProtocolHandler ["http-nio-9696"]
2023-04-01 18:31:22,543 INFO org.apache.juli.logging.DirectJDKLog [restartedMain] Starting service [Tomcat]
2023-04-01 18:31:22,544 INFO org.apache.juli.logging.DirectJDKLog [restartedMain] Starting Servlet engine: [Apache Tomcat/9.0.71]
2023-04-01 18:31:22,765 INFO org.apache.juli.logging.DirectJDKLog [restartedMain] Initializing Spring embedded WebApplicationContext
2023-04-01 18:31:22,766 INFO org.springframework.boot.web.servlet.context.ServletWebServerApplicationContext [restartedMain] Root WebApplicationContext: initialization completed in 3628 ms
2023-04-01 18:31:23,076 INFO org.hibernate.jpa.internal.util.LogHelper [restartedMain] HHH000204: Processing PersistenceUnitInfo [name: default]
2023-04-01 18:31:23,159 INFO org.hibernate.Version [restartedMain] HHH000412: Hibernate ORM core version 5.6.15.Final
2023-04-01 18:31:23,499 INFO org.hibernate.annotations.common.reflection.java.JavaReflectionManager [restartedMain] HCANN000001: Hibernate Commons Annotations {5.1.2.Final}
2023-04-01 18:31:23,679 INFO com.zaxxer.hikari.HikariDataSource [restartedMain] HikariPool-1 - Starting...
2023-04-01 18:31:24,260 INFO com.zaxxer.hikari.HikariDataSource [restartedMain] HikariPool-1 - Start completed.
2023-04-01 18:31:24,289 INFO org.hibernate.dialect.Dialect [restartedMain] HHH000400: Using dialect: org.hibernate.dialect.MySQL8Dialect
2023-04-01 18:31:25,760 INFO org.hibernate.engine.transaction.jta.platform.internal.JtaPlatformInitiator [restartedMain] HHH000490: Using JtaPlatform implementation: [org.hibernate.engine.transaction.jta.platform.internal.NoJtaPlatform]
2023-04-01 18:31:25,776 INFO org.springframework.orm.jpa.AbstractEntityManagerFactoryBean [restartedMain] Initialized JPA EntityManagerFactory for persistence unit 'default'
2023-04-01 18:31:26,692 WARN org.springframework.boot.autoconfigure.orm.jpa.JpaBaseConfiguration$JpaWebConfiguration [restartedMain] spring.jpa.open-in-view is enabled by default. Therefore, database queries may be performed during view rendering. Explicitly configure spring.jpa.open-in-view to disable this warning
2023-04-01 18:31:27,274 INFO org.springframework.boot.devtools.autoconfigure.OptionalLiveReloadServer [restartedMain] LiveReload server is running on port 35729
2023-04-01 18:31:27,293 INFO org.apache.juli.logging.DirectJDKLog [restartedMain] Starting ProtocolHandler ["http-nio-9696"]
2023-04-01 18:31:27,346 INFO org.springframework.boot.web.embedded.tomcat.TomcatWebServer [restartedMain] Tomcat started on port(s): 9696 (http) with context path ''
2023-04-01 18:31:27,367 INFO org.springframework.boot.StartupInfoLogger [restartedMain] Started ElectronicStoreApplication in 9.181 seconds (JVM running for 10.756)
2023-04-01 18:32:33,144 INFO org.apache.juli.logging.DirectJDKLog [http-nio-9696-exec-1] Initializing Spring DispatcherServlet 'dispatcherServlet'
2023-04-01 18:32:33,144 INFO org.springframework.web.servlet.FrameworkServlet [http-nio-9696-exec-1] Initializing Servlet 'dispatcherServlet'
2023-04-01 18:32:33,146 INFO org.springframework.web.servlet.FrameworkServlet [http-nio-9696-exec-1] Completed initialization in 1 ms
2023-04-01 18:39:30,520 INFO org.springframework.orm.jpa.AbstractEntityManagerFactoryBean [SpringApplicationShutdownHook] Closing JPA EntityManagerFactory for persistence unit 'default'
2023-04-01 18:39:30,528 INFO com.zaxxer.hikari.HikariDataSource [SpringApplicationShutdownHook] HikariPool-1 - Shutdown initiated...
2023-04-01 18:39:30,552 INFO com.zaxxer.hikari.HikariDataSource [SpringApplicationShutdownHook] HikariPool-1 - Shutdown completed.
2023-04-01 18:39:43,964 INFO org.hibernate.validator.internal.util.Version [background-preinit] HV000001: Hibernate Validator 6.2.5.Final
2023-04-01 18:39:43,978 INFO org.springframework.boot.StartupInfoLogger [restartedMain] Starting ElectronicStoreApplication using Java 17.0.4 on DESKTOP-HE75IJA with PID 12792 (F:\ElectronicStore_Project\ElectronicStore\target\classes started by Genius Computer in F:\ElectronicStore_Project\ElectronicStore)
2023-04-01 18:39:43,981 DEBUG org.springframework.boot.StartupInfoLogger [restartedMain] Running with Spring Boot v2.7.9, Spring v5.3.25
2023-04-01 18:39:43,988 INFO org.springframework.boot.SpringApplication [restartedMain] The following 1 profile is active: "dev"
2023-04-01 18:39:44,258 INFO org.springframework.boot.logging.DeferredLog [restartedMain] Devtools property defaults active! Set 'spring.devtools.add-properties' to 'false' to disable
2023-04-01 18:39:44,260 INFO org.springframework.boot.logging.DeferredLog [restartedMain] For additional web related logging consider setting the 'logging.level.web' property to 'DEBUG'
2023-04-01 18:39:46,101 INFO org.springframework.data.repository.config.RepositoryConfigurationDelegate [restartedMain] Bootstrapping Spring Data JPA repositories in DEFAULT mode.
2023-04-01 18:39:46,249 INFO org.springframework.data.repository.config.RepositoryConfigurationDelegate [restartedMain] Finished Spring Data repository scanning in 127 ms. Found 3 JPA repository interfaces.
2023-04-01 18:39:47,819 INFO org.springframework.boot.web.embedded.tomcat.TomcatWebServer [restartedMain] Tomcat initialized with port(s): 9696 (http)
2023-04-01 18:39:47,840 INFO org.apache.juli.logging.DirectJDKLog [restartedMain] Initializing ProtocolHandler ["http-nio-9696"]
2023-04-01 18:39:47,842 INFO org.apache.juli.logging.DirectJDKLog [restartedMain] Starting service [Tomcat]
2023-04-01 18:39:47,842 INFO org.apache.juli.logging.DirectJDKLog [restartedMain] Starting Servlet engine: [Apache Tomcat/9.0.71]
2023-04-01 18:39:48,097 INFO org.apache.juli.logging.DirectJDKLog [restartedMain] Initializing Spring embedded WebApplicationContext
2023-04-01 18:39:48,098 INFO org.springframework.boot.web.servlet.context.ServletWebServerApplicationContext [restartedMain] Root WebApplicationContext: initialization completed in 3823 ms
2023-04-01 18:39:48,376 INFO org.hibernate.jpa.internal.util.LogHelper [restartedMain] HHH000204: Processing PersistenceUnitInfo [name: default]
2023-04-01 18:39:48,484 INFO org.hibernate.Version [restartedMain] HHH000412: Hibernate ORM core version 5.6.15.Final
2023-04-01 18:39:48,803 INFO org.hibernate.annotations.common.reflection.java.JavaReflectionManager [restartedMain] HCANN000001: Hibernate Commons Annotations {5.1.2.Final}
2023-04-01 18:39:49,015 INFO com.zaxxer.hikari.HikariDataSource [restartedMain] HikariPool-1 - Starting...
2023-04-01 18:39:49,534 INFO com.zaxxer.hikari.HikariDataSource [restartedMain] HikariPool-1 - Start completed.
2023-04-01 18:39:49,565 INFO org.hibernate.dialect.Dialect [restartedMain] HHH000400: Using dialect: org.hibernate.dialect.MySQL8Dialect
2023-04-01 18:39:51,069 INFO org.hibernate.engine.transaction.jta.platform.internal.JtaPlatformInitiator [restartedMain] HHH000490: Using JtaPlatform implementation: [org.hibernate.engine.transaction.jta.platform.internal.NoJtaPlatform]
2023-04-01 18:39:51,086 INFO org.springframework.orm.jpa.AbstractEntityManagerFactoryBean [restartedMain] Initialized JPA EntityManagerFactory for persistence unit 'default'
2023-04-01 18:39:51,987 WARN org.springframework.boot.autoconfigure.orm.jpa.JpaBaseConfiguration$JpaWebConfiguration [restartedMain] spring.jpa.open-in-view is enabled by default. Therefore, database queries may be performed during view rendering. Explicitly configure spring.jpa.open-in-view to disable this warning
2023-04-01 18:39:52,580 INFO org.springframework.boot.devtools.autoconfigure.OptionalLiveReloadServer [restartedMain] LiveReload server is running on port 35729
2023-04-01 18:39:52,598 INFO org.apache.juli.logging.DirectJDKLog [restartedMain] Starting ProtocolHandler ["http-nio-9696"]
2023-04-01 18:39:52,643 INFO org.springframework.boot.web.embedded.tomcat.TomcatWebServer [restartedMain] Tomcat started on port(s): 9696 (http) with context path ''
2023-04-01 18:39:52,663 INFO org.springframework.boot.StartupInfoLogger [restartedMain] Started ElectronicStoreApplication in 9.473 seconds (JVM running for 10.979)
2023-04-01 18:40:03,563 INFO org.apache.juli.logging.DirectJDKLog [http-nio-9696-exec-2] Initializing Spring DispatcherServlet 'dispatcherServlet'
2023-04-01 18:40:03,564 INFO org.springframework.web.servlet.FrameworkServlet [http-nio-9696-exec-2] Initializing Servlet 'dispatcherServlet'
2023-04-01 18:40:03,566 INFO org.springframework.web.servlet.FrameworkServlet [http-nio-9696-exec-2] Completed initialization in 1 ms
2023-04-01 18:40:03,646 INFO com.shruteekatech.electronicStore.controller.UserController [http-nio-9696-exec-2] initiated request to genrate the reports  with Format:html
2023-04-01 18:40:03,646 INFO com.shruteekatech.electronicStore.controller.UserController [http-nio-9696-exec-2] completed request to genrate the reports  with Format:html
2023-04-01 18:52:38,936 INFO org.springframework.orm.jpa.AbstractEntityManagerFactoryBean [SpringApplicationShutdownHook] Closing JPA EntityManagerFactory for persistence unit 'default'
2023-04-01 18:52:38,947 INFO com.zaxxer.hikari.HikariDataSource [SpringApplicationShutdownHook] HikariPool-1 - Shutdown initiated...
2023-04-01 18:52:38,974 INFO com.zaxxer.hikari.HikariDataSource [SpringApplicationShutdownHook] HikariPool-1 - Shutdown completed.
